<?xml version="1.0" encoding="UTF-8"?>
<!-- Generated by org.testng.reporters.JUnitReportReporter -->
<testsuite hostname="DESKTOP-44R9P0C" failures="0" tests="2" name="testClass.RegTestDP002" time="6.283" errors="0" timestamp="2024-08-08T15:29:29 IST" skipped="0">
  <testcase classname="testClass.RegTestDP002" name="regtest" time="3.904"/>
  <testcase classname="testClass.RegTestDP002" name="regtest" time="2.379"/>
</testsuite> <!-- testClass.RegTestDP002 -->
