<?xml version="1.0" encoding="UTF-8"?>
<!-- Generated by org.testng.reporters.JUnitReportReporter -->
<testsuite hostname="DESKTOP-44R9P0C" failures="0" tests="2" name="testClass.RegistrationTest001" time="3.797" errors="0" timestamp="2024-08-08T00:12:04 IST" skipped="0">
  <testcase classname="testClass.RegistrationTest001" name="savecreds" time="0.000"/>
  <testcase classname="testClass.RegistrationTest001" name="registration" time="3.797"/>
</testsuite> <!-- testClass.RegistrationTest001 -->
