<?xml version="1.0" encoding="UTF-8"?>
<!-- Generated by org.testng.reporters.JUnitReportReporter -->
<testsuite hostname="DESKTOP-44R9P0C" failures="0" tests="2" name="testClass.LoginPageTestDP002" time="3.940" errors="0" timestamp="2024-08-19T20:49:55 IST" skipped="0">
  <testcase classname="testClass.LoginPageTestDP002" name="DPlogin" time="2.544"/>
  <testcase classname="testClass.LoginPageTestDP002" name="DPlogin" time="1.396"/>
</testsuite> <!-- testClass.LoginPageTestDP002 -->
